beta/build/outputs/logs/manifest-merger-debug-report.txt
-- Merging decision tree log ---
manifest
ADDED from indicar_unity/beta/AndroidManifest.xml:2:1-6:12
INJECTED from indicar_unity/beta/AndroidManifest.xml:2:1-6:12
INJECTED from indicar_unity/beta/AndroidManifest.xml:2:1-6:12
	package
		ADDED from indicar_unity/beta/AndroidManifest.xml:2:70-108
		INJECTED from indicar_unity/beta/AndroidManifest.xml
		INJECTED from indicar_unity/beta/AndroidManifest.xml
	xmlns:android
		ADDED from indicar_unity/beta/AndroidManifest.xml:2:11-69
application
ADDED from indicar_unity/beta/AndroidManifest.xml:3:3-4:17
uses-permission#android.permission.INTERNET
ADDED from indicar_unity/beta/AndroidManifest.xml:5:3-65
	android:name
		ADDED from indicar_unity/beta/AndroidManifest.xml:5:20-62
uses-sdk
INJECTED from indicar_unity/beta/AndroidManifest.xml reason: use-sdk injection requested
INJECTED from indicar_unity/beta/AndroidManifest.xml
INJECTED from indicar_unity/beta/AndroidManifest.xml
	android:targetSdkVersion
		INJECTED from indicar_unity/beta/AndroidManifest.xml
		ADDED from indicar_unity/beta/AndroidManifest.xml
		INJECTED from indicar_unity/beta/AndroidManifest.xml